[10:22:12] Algo NPC Harbor Master greeted zc-scout
[10:25:21] Algo NPC Harbor Master greeted zc-scout
[10:28:05] Algo NPC Dojo Sensei greeted zc-healer
[10:30:38] Algo NPC Harbor Master greeted zc-tide
[10:33:21] Algo NPC Dojo Sensei greeted zc-healer
[10:34:11] Algo NPC Harbor Master greeted zc-bard
[10:34:41] Algo NPC Harbor Master greeted zc-tide
[10:35:55] Algo NPC Harbor Master greeted zc-tide
[10:36:05] Algo NPC Dojo Sensei greeted zc-healer
[10:37:43] Algo NPC Dojo Sensei greeted ccc
[10:38:49] Algo NPC Harbor Master greeted zc-scout
[10:41:35] Algo NPC Harbor Master greeted ccc
[10:53:23] Algo NPC Dojo Sensei greeted zc-scout
[11:15:26] Algo NPC Dojo Sensei greeted zc-tide
[12:16:34] Algo NPC Harbor Master greeted zc-tide
[12:26:32] Algo NPC Dojo Sensei greeted zc-navigator
[12:42:53] Algo NPC Harbor Master greeted zc-tide
[12:45:50] Algo NPC Dojo Sensei greeted zc-navigator
[12:51:45] Algo NPC Dojo Sensei greeted zc-echo
[15:00:39] Algo NPC Dojo Sensei greeted zc-navigator
[15:03:50] Algo NPC Dojo Sensei greeted zc-navigator
[15:09:45] Algo NPC Dojo Sensei greeted zc-navigator
[15:11:22] Algo NPC Dojo Sensei greeted zc-navigator
[15:12:33] Algo NPC Dojo Sensei greeted zc-tide
