[10:22:40] zc-alchemist booted workshop
[10:25:12] zc-forge booted workshop
[10:27:55] zc-alchemist shutdown workshop
[10:27:56] zc-alchemist booted workshop
[10:30:19] zc-forge shutdown workshop
[10:30:20] zc-forge booted workshop
[10:33:10] zc-forge shutdown workshop
[10:33:11] zc-forge booted workshop
[10:35:35] zc-forge shutdown workshop
[10:35:36] zc-forge booted workshop
[10:35:50] ccc booted lighthouse
[10:37:11] ccc shutdown lighthouse
[10:37:11] ccc booted workshop
[10:37:28] ccc shutdown workshop
[10:38:15] ccc booted flux_lab
[10:38:31] ccc shutdown flux_lab
[10:38:38] zc-alchemist shutdown workshop
[10:38:39] zc-alchemist booted workshop
[10:38:58] zc-forge shutdown workshop
[10:38:59] zc-forge booted workshop
[10:40:17] zc-alchemist shutdown workshop
[10:40:17] zc-forge shutdown workshop
[10:41:43] Forgemaster booted workshop
[10:41:58] Forgemaster booted lighthouse
[10:51:24] zc-forge booted workshop
[10:53:02] zc-forge shutdown workshop
[10:53:04] zc-forge booted workshop
[10:54:54] zc-alchemist booted workshop
[11:02:25] zc-forge shutdown workshop
[11:02:30] zc-healer booted workshop
[11:04:35] zc-alchemist shutdown workshop
[11:05:00] zc-healer shutdown workshop
[11:05:02] zc-healer booted workshop
[11:10:43] zc-healer shutdown workshop
[11:30:21] zc-weaver booted workshop
[11:31:54] zc-weaver shutdown workshop
