[05:53:34] Alice equipped scroll_of_charter
[05:53:34] Alice equip command: grant scroll_of_charter
[05:53:34] Alice equip command: list
[05:53:34] Alice equipped lens_of_bugs
[05:53:34] Alice equip command: grant lens_of_bugs
[05:53:34] Alice equip command: check nonexistent_ability
[05:54:31] Alice equipped scroll_of_charter
[05:54:31] Alice equip command: grant scroll_of_charter
[05:54:31] Alice equip command: list
[05:54:31] Alice equipped lens_of_bugs
[05:54:31] Alice equip command: grant lens_of_bugs
[05:54:31] Alice equip command: check code_review
[05:54:31] Alice equip command: check nonexistent_ability
[05:54:37] Alice equipped scroll_of_charter
[05:54:37] Alice equip command: grant scroll_of_charter
[05:54:37] Alice equip command: list
[05:54:37] Alice equipped lens_of_bugs
[05:54:37] Alice equip command: grant lens_of_bugs
[05:54:37] Alice equip command: check code_review
[05:54:37] Alice equip command: check nonexistent_ability
[05:56:58] Alice equipped scroll_of_charter
[05:56:58] Alice equip command: grant scroll_of_charter
[05:56:58] Alice equip command: list
[05:56:58] Alice equipped lens_of_bugs
[05:56:58] Alice equip command: grant lens_of_bugs
[05:56:58] Alice equip command: check code_review
[05:56:58] Alice equip command: check nonexistent_ability
[06:04:01] Alice equipped scroll_of_charter
[06:04:01] Alice equip command: grant scroll_of_charter
[06:04:01] Alice equip command: list
[06:04:01] Alice equipped lens_of_bugs
[06:04:01] Alice equip command: grant lens_of_bugs
[06:04:01] Alice equip command: check code_review
[06:04:01] Alice equip command: check nonexistent_ability
[06:04:05] Alice equipped scroll_of_charter
[06:04:05] Alice equip command: grant scroll_of_charter
[06:04:05] Alice equip command: list
[06:04:05] Alice equipped lens_of_bugs
[06:04:05] Alice equip command: grant lens_of_bugs
[06:04:05] Alice equip command: check code_review
[06:04:05] Alice equip command: check nonexistent_ability
[07:09:35] Alice equipped scroll_of_charter
[07:09:35] Alice equip command: grant scroll_of_charter
[07:09:35] Alice equip command: list
[07:09:35] Alice equipped lens_of_bugs
[07:09:35] Alice equip command: grant lens_of_bugs
[07:09:35] Alice equip command: check code_review
[07:09:35] Alice equip command: check nonexistent_ability
[07:10:13] Alice equipped scroll_of_charter
[07:10:13] Alice equip command: grant scroll_of_charter
[07:10:13] Alice equip command: list
[07:10:13] Alice equipped lens_of_bugs
[07:10:13] Alice equip command: grant lens_of_bugs
[07:10:13] Alice equip command: check code_review
[07:10:13] Alice equip command: check nonexistent_ability
[07:25:58] Alice equipped scroll_of_charter
[07:25:58] Alice equip command: grant scroll_of_charter
[07:25:58] Alice equip command: list
[07:25:58] Alice equipped lens_of_bugs
[07:25:58] Alice equip command: grant lens_of_bugs
[07:25:58] Alice equip command: check code_review
[07:25:58] Alice equip command: check nonexistent_ability
[08:10:48] Alice equipped scroll_of_charter
[08:10:48] Alice equip command: grant scroll_of_charter
[08:10:48] Alice equip command: list
[08:10:48] Alice equipped lens_of_bugs
[08:10:48] Alice equip command: grant lens_of_bugs
[08:10:48] Alice equip command: check code_review
[08:10:48] Alice equip command: check nonexistent_ability
[08:16:07] Alice equipped scroll_of_charter
[08:16:07] Alice equip command: grant scroll_of_charter
[08:16:07] Alice equip command: list
[08:16:07] Alice equipped lens_of_bugs
[08:16:07] Alice equip command: grant lens_of_bugs
[08:16:07] Alice equip command: check code_review
[08:16:07] Alice equip command: check nonexistent_ability
[08:30:56] Alice equipped scroll_of_charter
[08:30:56] Alice equip command: grant scroll_of_charter
[08:30:56] Alice equip command: list
[08:30:56] Alice equipped lens_of_bugs
[08:30:56] Alice equip command: grant lens_of_bugs
[08:30:56] Alice equip command: check code_review
[08:30:56] Alice equip command: check nonexistent_ability
[19:10:15] Alice equipped scroll_of_charter
[19:10:15] Alice equip command: grant scroll_of_charter
[19:10:15] Alice equip command: list
[19:10:15] Alice equipped lens_of_bugs
[19:10:15] Alice equip command: grant lens_of_bugs
[19:10:15] Alice equip command: check code_review
[19:10:15] Alice equip command: check nonexistent_ability
[19:10:32] Alice equipped scroll_of_charter
[19:10:32] Alice equip command: grant scroll_of_charter
[19:10:32] Alice equip command: list
[19:10:32] Alice equipped lens_of_bugs
[19:10:32] Alice equip command: grant lens_of_bugs
[19:10:32] Alice equip command: check code_review
[19:10:32] Alice equip command: check nonexistent_ability
[21:38:24] Alice equipped scroll_of_charter
[21:38:24] Alice equip command: grant scroll_of_charter
[21:38:24] Alice equip command: list
[21:38:24] Alice equipped lens_of_bugs
[21:38:24] Alice equip command: grant lens_of_bugs
[21:38:24] Alice equip command: check code_review
[21:38:24] Alice equip command: check nonexistent_ability
[21:39:48] Alice equipped scroll_of_charter
[21:39:48] Alice equip command: grant scroll_of_charter
[21:39:48] Alice equip command: list
[21:39:49] Alice equipped lens_of_bugs
[21:39:49] Alice equip command: grant lens_of_bugs
[21:39:49] Alice equip command: check code_review
[21:39:49] Alice equip command: check nonexistent_ability
[21:57:34] Alice equipped scroll_of_charter
[21:57:34] Alice equip command: grant scroll_of_charter
[21:57:34] Alice equip command: list
[21:57:34] Alice equipped lens_of_bugs
[21:57:34] Alice equip command: grant lens_of_bugs
[21:57:34] Alice equip command: check code_review
[21:57:34] Alice equip command: check nonexistent_ability
[21:57:50] Alice equipped scroll_of_charter
[21:57:50] Alice equip command: grant scroll_of_charter
[21:57:50] Alice equip command: list
[21:57:50] Alice equipped lens_of_bugs
[21:57:50] Alice equip command: grant lens_of_bugs
[21:57:50] Alice equip command: check code_review
[21:57:50] Alice equip command: check nonexistent_ability
[21:58:05] Alice equipped scroll_of_charter
[21:58:05] Alice equip command: grant scroll_of_charter
[21:58:05] Alice equip command: list
[21:58:05] Alice equipped lens_of_bugs
[21:58:05] Alice equip command: grant lens_of_bugs
[21:58:05] Alice equip command: check code_review
[21:58:05] Alice equip command: check nonexistent_ability
[22:02:38] Alice equipped scroll_of_charter
[22:02:38] Alice equip command: grant scroll_of_charter
[22:02:38] Alice equip command: list
[22:02:38] Alice equipped lens_of_bugs
[22:02:38] Alice equip command: grant lens_of_bugs
[22:02:38] Alice equip command: check code_review
[22:02:38] Alice equip command: check nonexistent_ability
