[05:12:21] Alice says: hello everyone
[05:12:21] Alice says: test message
[05:12:21] Alice dances a jig
[05:12:21] Alice says: hello
[05:12:21] Alice waves
[05:13:48] Alice says: hello everyone
[05:13:48] Alice says: test message
[05:13:48] Alice dances a jig
[05:13:48] Alice says: hello
[05:13:48] Alice waves
[05:19:41] Alice says: hello everyone
[05:19:41] Alice says: test message
[05:19:41] Alice dances a jig
[05:19:41] Alice says: hello
[05:19:41] Alice waves
[05:44:09] Alice says: hello everyone
[05:44:09] Alice says: test message
[05:44:09] Alice dances a jig
[05:44:10] Alice says: hello
[05:44:10] Alice waves
[05:45:52] Alice says: hello everyone
[05:45:52] Alice says: test message
[05:45:52] Alice dances a jig
[05:45:52] Alice says: hello
[05:45:52] Alice waves
[05:53:34] Alice says: test routing
[05:54:31] Alice says: test routing
[05:54:37] Alice says: test routing
[05:54:38] Alice says: hello everyone
[05:54:38] Alice says: test message
[05:54:38] Alice dances a jig
[05:54:38] Alice says: hello
[05:54:38] Alice waves
[05:56:58] Alice says: test routing
[05:56:59] Alice says: hello everyone
[05:56:59] Alice says: test message
[05:56:59] Alice dances a jig
[05:56:59] Alice says: hello
[05:56:59] Alice waves
[06:04:01] Alice says: test routing
[06:04:01] Alice says: hello everyone
[06:04:01] Alice says: test message
[06:04:01] Alice dances a jig
[06:04:02] Alice says: hello
[06:04:02] Alice waves
[06:04:05] Alice says: test routing
[06:04:06] Alice says: hello everyone
[06:04:06] Alice says: test message
[06:04:06] Alice dances a jig
[06:04:06] Alice says: hello
[06:04:06] Alice waves
[07:09:35] Alice says: test routing
[07:09:36] Alice says: hello everyone
[07:09:36] Alice says: test message
[07:09:36] Alice dances a jig
[07:09:36] Alice says: hello
[07:09:36] Alice waves
[07:10:13] Alice says: test routing
[07:10:14] Alice says: hello everyone
[07:10:14] Alice says: test message
[07:10:14] Alice dances a jig
[07:10:14] Alice says: hello
[07:10:14] Alice waves
[07:25:58] Alice says: test routing
[07:25:59] Alice says: hello everyone
[07:25:59] Alice says: test message
[07:25:59] Alice dances a jig
[07:26:00] Alice says: hello
[07:26:00] Alice waves
[08:10:48] Alice says: test routing
[08:10:49] Alice says: hello everyone
[08:10:49] Alice says: test message
[08:10:49] Alice dances a jig
[08:10:49] Alice says: hello
[08:10:49] Alice waves
[08:16:07] Alice says: test routing
[08:16:08] Alice says: hello everyone
[08:16:08] Alice says: test message
[08:16:08] Alice dances a jig
[08:16:08] Alice says: hello
[08:16:08] Alice waves
[08:30:56] Alice says: test routing
[08:30:57] Alice says: hello everyone
[08:30:57] Alice says: test message
[08:30:58] Alice dances a jig
[08:30:58] Alice says: hello
[08:30:58] Alice waves
[19:10:15] Alice says: test routing
[19:10:16] Alice says: hello everyone
[19:10:16] Alice says: test message
[19:10:17] Alice dances a jig
[19:10:17] Alice says: hello
[19:10:17] Alice waves
[19:10:32] Alice says: test routing
[19:10:33] Alice says: hello everyone
[19:10:33] Alice says: test message
[19:10:33] Alice dances a jig
[19:10:34] Alice says: hello
[19:10:34] Alice waves
[21:38:24] Alice says: test routing
[21:38:25] Alice says: hello everyone
[21:38:25] Alice says: test message
[21:38:25] Alice dances a jig
[21:38:25] Alice says: hello
[21:38:25] Alice waves
[21:39:49] Alice says: test routing
[21:39:50] Alice says: hello everyone
[21:39:50] Alice says: test message
[21:39:50] Alice dances a jig
[21:39:50] Alice says: hello
[21:39:50] Alice waves
[21:56:56] Alice says: hello everyone
[21:56:56] Alice says: test message
[21:56:56] Alice dances a jig
[21:56:57] Alice says: hello
[21:56:57] Alice waves
[21:57:26] Alice says: hello everyone
[21:57:26] Alice says: test message
[21:57:26] Alice dances a jig
[21:57:27] Alice says: hello
[21:57:27] Alice waves
[21:57:34] Alice says: test routing
[21:57:36] Alice says: hello everyone
[21:57:36] Alice says: test message
[21:57:36] Alice dances a jig
[21:57:36] Alice says: hello
[21:57:36] Alice waves
[21:57:50] Alice says: test routing
[21:57:51] Alice says: hello everyone
[21:57:51] Alice says: test message
[21:57:52] Alice dances a jig
[21:57:52] Alice says: hello
[21:57:52] Alice waves
[21:58:05] Alice says: test routing
[21:58:07] Alice says: hello everyone
[21:58:07] Alice says: test message
[21:58:07] Alice dances a jig
[21:58:07] Alice says: hello
[21:58:07] Alice waves
[22:02:38] Alice says: test routing
[22:02:40] Alice says: hello everyone
[22:02:40] Alice says: test message
[22:02:40] Alice dances a jig
[22:02:40] Alice says: hello
[22:02:40] Alice waves
