[07:51:38] look disconnected
[11:12:13] test_user disconnected
[11:12:36] test disconnected
[11:14:35] tester disconnected
[11:14:59] tester disconnected
[11:30:01] oracle1 disconnected
[11:45:01] oracle1 disconnected
[12:00:01] oracle1 disconnected
[12:11:34] seeder disconnected
[12:13:15] seeder disconnected
[12:15:01] oracle1 disconnected
[12:17:11] fleet_beacon disconnected
[12:30:01] oracle1 disconnected
[12:30:02] fleet_beacon disconnected
[12:45:02] oracle1 disconnected
[12:45:03] fleet_beacon disconnected
[12:52:41] oracle1 disconnected
[12:53:09] oracle1 disconnected
[12:53:32] oracle1 disconnected
[12:54:00] oracle1 disconnected
[12:54:20] test123 disconnected
[12:55:10] oracle1 disconnected
[12:55:44] test disconnected
[12:56:10] oracle1 disconnected
[12:56:38] check disconnected
[12:58:52] testmotd disconnected
[13:00:01] oracle1 disconnected
[13:00:02] fleet_beacon disconnected
[13:12:23] roomcheck disconnected
[13:14:00] roomverify disconnected
[13:14:21] navtest disconnected
[13:14:45] navtest disconnected
[13:14:59] navtest disconnected
[13:15:01] oracle1 disconnected
[13:15:02] fleet_beacon disconnected
[13:15:15] navtest2 disconnected
[13:15:40] navtest2 disconnected
[13:30:01] oracle1 disconnected
[13:30:02] fleet_beacon disconnected
[13:45:01] oracle1 disconnected
[13:45:02] fleet_beacon disconnected
[14:00:01] oracle1 disconnected
[14:00:02] fleet_beacon disconnected
[14:15:01] oracle1 disconnected
[14:15:02] fleet_beacon disconnected
[14:30:01] oracle1 disconnected
[14:30:02] fleet_beacon disconnected
[14:43:14] test_navigator disconnected
[14:44:22] test_navigator disconnected
[14:44:38] testnav disconnected
[14:45:01] oracle1 disconnected
[14:45:02] fleet_beacon disconnected
[14:45:08] testpy disconnected
[14:46:43] skill_tester disconnected
[14:47:00] skilltest disconnected
[14:47:24] st1 disconnected
[14:47:46] st2 disconnected
[14:49:34] testfinal disconnected
[14:49:53] skill_v2 disconnected
[14:50:18] skill_v2 disconnected
[14:51:08] skill_v3 disconnected
[14:52:28] skill_final disconnected
[14:53:17] testclient disconnected
[14:53:45] test2 disconnected
[15:00:01] oracle1 disconnected
[15:00:02] fleet_beacon disconnected
[15:10:06] oracle1 disconnected
[15:15:01] oracle1 disconnected
[15:15:02] fleet_beacon disconnected
[15:30:01] oracle1 disconnected
[15:30:02] fleet_beacon disconnected
[15:45:01] oracle1 disconnected
[15:45:02] fleet_beacon disconnected
[16:00:01] oracle1 disconnected
[16:00:02] fleet_beacon disconnected
[16:15:01] oracle1 disconnected
[16:15:02] fleet_beacon disconnected
[16:30:01] oracle1 disconnected
[16:30:02] fleet_beacon disconnected
[16:45:01] oracle1 disconnected
[16:45:02] fleet_beacon disconnected
[17:00:01] oracle1 disconnected
[17:00:02] fleet_beacon disconnected
