[11:12:13] Client error: CommandHandler.cmd_help() takes 3 positional arguments but 4 were given
[11:12:36] Client error: CommandHandler.cmd_help() takes 3 positional arguments but 4 were given
[11:14:35] Client error: CommandHandler.cmd_help() takes 3 positional arguments but 4 were given
[11:14:59] Client error: CommandHandler.cmd_quit() takes 3 positional arguments but 4 were given
[11:30:01] Client error: CommandHandler.cmd_go() takes 3 positional arguments but 4 were given
[11:45:01] Client error: CommandHandler.cmd_go() takes 3 positional arguments but 4 were given
[12:00:01] Client error: CommandHandler.cmd_go() takes 3 positional arguments but 4 were given
[12:11:34] Client error: CommandHandler.cmd_quit() takes 3 positional arguments but 4 were given
[12:13:15] Client error: CommandHandler.cmd_quit() takes 3 positional arguments but 4 were given
[12:15:01] Client error: CommandHandler.cmd_go() takes 3 positional arguments but 4 were given
[12:17:11] Client error: CommandHandler.cmd_go() takes 3 positional arguments but 4 were given
[12:30:01] Client error: CommandHandler.cmd_go() takes 3 positional arguments but 4 were given
[12:30:02] Client error: CommandHandler.cmd_go() takes 3 positional arguments but 4 were given
[12:45:02] Client error: CommandHandler.cmd_go() takes 3 positional arguments but 4 were given
[12:45:03] Client error: CommandHandler.cmd_go() takes 3 positional arguments but 4 were given
[12:52:41] Client error: CommandHandler.cmd_status() takes 3 positional arguments but 4 were given
[12:53:09] Client error: CommandHandler.cmd_quit() takes 3 positional arguments but 4 were given
[12:53:32] Client error: CommandHandler.cmd_setmotd() takes 3 positional arguments but 4 were given
[12:54:00] Client error: CommandHandler.cmd_motd() takes 3 positional arguments but 4 were given
[12:54:20] Client error: CommandHandler.cmd_motd() takes 3 positional arguments but 4 were given
[12:55:10] Client error: CommandHandler.cmd_setmotd() takes 3 positional arguments but 4 were given
[12:55:44] Client error: Connection lost
[12:56:10] Client error: CommandHandler.cmd_setmotd() takes 3 positional arguments but 4 were given
[12:56:38] Client error: CommandHandler.cmd_motd() takes 3 positional arguments but 4 were given
[12:58:52] Client error: CommandHandler.cmd_motd() takes 3 positional arguments but 4 were given
[13:00:01] Client error: CommandHandler.cmd_go() takes 3 positional arguments but 4 were given
[13:00:02] Client error: CommandHandler.cmd_go() takes 3 positional arguments but 4 were given
[13:12:23] Client error: CommandHandler.cmd_quit() takes 3 positional arguments but 4 were given
[13:14:00] Client error: CommandHandler.cmd_quit() takes 3 positional arguments but 4 were given
[13:14:21] Client error: CommandHandler.cmd_go() takes 3 positional arguments but 4 were given
[13:14:45] Client error: CommandHandler.cmd_go() takes 3 positional arguments but 4 were given
[13:14:59] Client error: CommandHandler.cmd_go() takes 3 positional arguments but 4 were given
[13:15:01] Client error: CommandHandler.cmd_go() takes 3 positional arguments but 4 were given
[13:15:02] Client error: CommandHandler.cmd_go() takes 3 positional arguments but 4 were given
[13:15:15] Client error: CommandHandler.cmd_go() takes 3 positional arguments but 4 were given
[13:15:40] Client error: CommandHandler.cmd_go() takes 3 positional arguments but 4 were given
[13:30:01] Client error: CommandHandler.cmd_go() takes 3 positional arguments but 4 were given
[13:30:02] Client error: CommandHandler.cmd_go() takes 3 positional arguments but 4 were given
[13:45:01] Client error: CommandHandler.cmd_go() takes 3 positional arguments but 4 were given
[13:45:02] Client error: CommandHandler.cmd_go() takes 3 positional arguments but 4 were given
